time="2025-09-19T23:13:17+05:30" level=info msg="Backup download request received"
time="2025-09-19T23:13:17+05:30" level=info msg="Starting database backup process"
time="2025-09-19T23:21:48+05:30" level=info msg="Backup download request received"
time="2025-09-19T23:21:57+05:30" level=info msg="Starting database backup process"
time="2025-09-19T23:23:10+05:30" level=info msg="Backup download request received"
time="2025-09-19T23:23:17+05:30" level=info msg="Starting database backup process"
time="2025-09-19T23:32:51+05:30" level=info msg="Backup download request received"
time="2025-09-19T23:32:51+05:30" level=info msg="Starting database backup process"
time="2025-09-19T23:32:51+05:30" level=info msg="Running in test mode - generating sample backup"
time="2025-09-19T23:32:51+05:30" level=info msg="Backup file downloaded successfully"
time="2025-09-19T23:38:02+05:30" level=info msg="Backup download request received"
time="2025-09-19T23:38:02+05:30" level=info msg="Starting database backup process using direct database queries"
time="2025-09-19T23:38:02+05:30" level=info msg="Database backup completed successfully, size: 41791 bytes"
time="2025-09-19T23:38:02+05:30" level=info msg="Backup file downloaded successfully"
time="2025-09-19T23:38:27+05:30" level=info msg="Backup info request received"
time="2025-09-19T23:38:27+05:30" level=info msg="Starting database backup process using direct database queries"
time="2025-09-19T23:38:27+05:30" level=info msg="Database backup completed successfully, size: 41791 bytes"
time="2025-09-20T00:11:44+05:30" level=info msg="Backup download request received"
time="2025-09-20T00:11:44+05:30" level=info msg="Starting database backup process using direct database queries"
time="2025-09-20T00:11:44+05:30" level=info msg="Database backup completed successfully, size: 44042 bytes"
time="2025-09-20T00:11:44+05:30" level=info msg="Backup file downloaded successfully"
time="2025-09-20T00:41:16+05:30" level=info msg="Backup info request received"
time="2025-09-20T00:41:16+05:30" level=info msg="Starting database backup process using direct database queries"
time="2025-09-20T00:41:17+05:30" level=info msg="Database backup completed successfully, size: 121431 bytes"
time="2025-09-20T00:41:43+05:30" level=info msg="Backup download request received"
time="2025-09-20T00:41:43+05:30" level=info msg="Starting database backup process using direct database queries"
time="2025-09-20T00:41:43+05:30" level=info msg="Database backup completed successfully, size: 121431 bytes"
time="2025-09-20T00:41:43+05:30" level=info msg="Backup file downloaded successfully"
time="2025-09-20T00:44:55+05:30" level=info msg="Backup download request received"
time="2025-09-20T00:44:55+05:30" level=info msg="Starting database backup process using direct database queries"
time="2025-09-20T00:44:55+05:30" level=info msg="Database backup completed successfully, size: 121431 bytes"
time="2025-09-20T00:44:55+05:30" level=info msg="Backup file downloaded successfully"
time="2025-09-20T00:45:04+05:30" level=info msg="Backup download request received"
time="2025-09-20T00:45:04+05:30" level=info msg="Starting database backup process using direct database queries"
time="2025-09-20T00:45:05+05:30" level=info msg="Database backup completed successfully, size: 121431 bytes"
time="2025-09-20T00:45:05+05:30" level=info msg="Backup file downloaded successfully"
